<?xml version="1.0" encoding="UTF-8"?>
<testsuite xmlns:xsi="http://www.w3.org/2001/XMLSchema-instance" xsi:noNamespaceSchemaLocation="https://maven.apache.org/surefire/maven-surefire-plugin/xsd/surefire-test-report-3.0.xsd" version="3.0" name="Autimatizacion.api.ExamplesTest" time="3.81" tests="1" errors="0" skipped="0" failures="1">
  <properties>
[...]
</properties>
  <testcase name="testParallel" classname="Autimatizacion.api.ExamplesTest" time="3.777">
    <failure message="js failed:&#10;&gt;&gt;&gt;&gt;&#10;01: &apos;https://petstore.swagger.io/v2/store/order/&apos; + orderId&#10;&lt;&lt;&lt;&lt;&#10;org.graalvm.polyglot.PolyglotException: ReferenceError: &quot;orderId&quot; is not defined&#10;- &lt;js&gt;.:program(Unnamed:1)&#10;&#10;classpath:Autimatizacion/api/store.feature:35 ==&gt; expected: &lt;0&gt; but was: &lt;1&gt;" type="org.opentest4j.AssertionFailedError"><![CDATA[org.opentest4j.AssertionFailedError: 
js failed:
>>>>
01: 'https://petstore.swagger.io/v2/store/order/' + orderId
<<<<
org.graalvm.polyglot.PolyglotException: ReferenceError: "orderId" is not defined
- <js>.:program(Unnamed:1)

classpath:Autimatizacion/api/store.feature:35 ==> expected: <0> but was: <1>
	at org.junit.jupiter.api.AssertionFailureBuilder.build(AssertionFailureBuilder.java:151)
	at org.junit.jupiter.api.AssertionFailureBuilder.buildAndThrow(AssertionFailureBuilder.java:132)
	at org.junit.jupiter.api.AssertEquals.failNotEqual(AssertEquals.java:197)
	at org.junit.jupiter.api.AssertEquals.assertEquals(AssertEquals.java:150)
	at org.junit.jupiter.api.Assertions.assertEquals(Assertions.java:563)
	at Autimatizacion.api.ExamplesTest.testParallel(UsersRunner.java:15)
	at java.base/java.lang.reflect.Method.invoke(Method.java:568)
	at java.base/java.util.ArrayList.forEach(ArrayList.java:1511)
	at java.base/java.util.ArrayList.forEach(ArrayList.java:1511)
]]></failure>
    <system-out><![CDATA[00:50:24.542 [main] INFO  com.intuit.karate.Runner - using system property 'karate.options': --tags @buscar
00:50:25.605 [main] DEBUG com.intuit.karate.Suite - [config] classpath:karate-config.js
00:50:25.612 [main] INFO  com.intuit.karate.Suite - backed up existing 'target\karate-reports' dir to: target\karate-reports_1756187425606
00:50:26.881 [pool-2-thread-1] INFO  com.intuit.karate - karate.env system property was: null 
00:50:26.975 [pool-2-thread-1] ERROR com.intuit.karate - classpath:Autimatizacion/api/store.feature:35
Given url 'https://petstore.swagger.io/v2/store/order/' + orderId
js failed:
>>>>
01: 'https://petstore.swagger.io/v2/store/order/' + orderId
<<<<
org.graalvm.polyglot.PolyglotException: ReferenceError: "orderId" is not defined
- <js>.:program(Unnamed:1)

classpath:Autimatizacion/api/store.feature:35
---------------------------------------------------------
feature: classpath:Autimatizacion/api/store.feature
scenarios:  1 | passed:  0 | failed:  1 | time: 0.0573
---------------------------------------------------------

00:50:27.733 [pool-3-thread-1] INFO  com.intuit.karate.Suite - <<fail>> feature 1 of 1 (0 remaining) classpath:Autimatizacion/api/store.feature
Karate version: 1.5.0
======================================================
elapsed:   3.20 | threads:    5 | thread time: 0.06 
features:     1 | skipped:    0 | efficiency: 0.00
scenarios:    1 | passed:     0 | failed: 1
======================================================
>>> failed features:
js failed:
>>>>
01: 'https://petstore.swagger.io/v2/store/order/' + orderId
<<<<
org.graalvm.polyglot.PolyglotException: ReferenceError: "orderId" is not defined
- <js>.:program(Unnamed:1)

classpath:Autimatizacion/api/store.feature:35
<<<

HTML report: (paste into browser to view) | Karate version: 1.5.0
file:///D:/petstore-automatizacion/target/karate-reports/karate-summary.html
===================================================================

]]></system-out>
  </testcase>
</testsuite>